Arguments: 
  /usr/bin/node /usr/share/yarn/bin/yarn.js add owl.carousel:1.3.2

PATH: 
  /home/danny/anaconda3/bin:/usr/local/sbin:/usr/local/bin:/usr/sbin:/usr/bin:/sbin:/bin:/usr/games:/usr/local/games:/snap/bin:/sbin:/home/danny/.yarn/bin

Yarn version: 
  1.22.5

Node version: 
  14.16.0

Platform: 
  linux x64

Trace: 
  Error: owl.carousel:1.3.2: Invalid protocol: owl.carousel:
      at Request.module.exports.Request.init (/usr/share/yarn/lib/cli.js:141018:31)
      at new Request (/usr/share/yarn/lib/cli.js:140691:8)
      at request (/usr/share/yarn/lib/cli.js:137597:10)
      at RequestManager.execute (/usr/share/yarn/lib/cli.js:67040:15)
      at RequestManager.shiftQueue (/usr/share/yarn/lib/cli.js:67078:10)
      at /usr/share/yarn/lib/cli.js:66747:13
      at new Promise (<anonymous>)
      at new F (/usr/share/yarn/lib/cli.js:5301:28)
      at RequestManager.request (/usr/share/yarn/lib/cli.js:66745:19)
      at NpmRegistry.<anonymous> (/usr/share/yarn/lib/cli.js:31704:42)

npm manifest: 
  {
    "dependencies": {
      "owl.carousel": "^2.3.4"
    }
  }

yarn manifest: 
  No manifest

Lockfile: 
  # THIS IS AN AUTOGENERATED FILE. DO NOT EDIT THIS FILE DIRECTLY.
  # yarn lockfile v1
  
  
  jquery@>=1.8.3:
    version "3.6.0"
    resolved "https://registry.yarnpkg.com/jquery/-/jquery-3.6.0.tgz#c72a09f15c1bdce142f49dbf1170bdf8adac2470"
    integrity sha512-JVzAR/AjBvVt2BmYhxRCSYysDsPcssdmTFnzyLEts9qNwmjmu4JTAMYubEfwVOSwpQ1I1sKKFcxhZCI2buerfw==
  
  owl.carousel@^2.3.4:
    version "2.3.4"
    resolved "https://registry.yarnpkg.com/owl.carousel/-/owl.carousel-2.3.4.tgz#6c53dc8d24304b790e4f27a1dc4a655e973ccdc9"
    integrity sha512-JaDss9+feAvEW8KZppPSpllfposEzQiW+Ytt/Xm5t/3CTJ7YVmkh6RkWixoA2yXk2boIwedYxOvrrppIGzru9A==
    dependencies:
      jquery ">=1.8.3"
